  AI Common.cpp
  AI Move.cpp
  Aim.cpp
  Common Math.cpp
  Configuration.cpp
  Copy and Paste.cpp
  D2 Stdio.cpp
  D2 Stubs.cpp
  Design.cpp
Design.cpp(3952): warning C4018: '>=' : signed/unsigned mismatch
Design.cpp(3952): warning C4018: '<=' : signed/unsigned mismatch
Design.cpp(3952): warning C4018: '>=' : signed/unsigned mismatch
Design.cpp(3952): warning C4018: '<=' : signed/unsigned mismatch
Design.cpp(4066): warning C4018: '>=' : signed/unsigned mismatch
Design.cpp(4066): warning C4018: '<=' : signed/unsigned mismatch
Design.cpp(4066): warning C4018: '>=' : signed/unsigned mismatch
Design.cpp(4066): warning C4018: '<=' : signed/unsigned mismatch
Design.cpp(4156): warning C4018: '>=' : signed/unsigned mismatch
Design.cpp(4156): warning C4018: '<=' : signed/unsigned mismatch
Design.cpp(4156): warning C4018: '>=' : signed/unsigned mismatch
Design.cpp(4156): warning C4018: '<=' : signed/unsigned mismatch
Design.cpp(4246): warning C4018: '>=' : signed/unsigned mismatch
Design.cpp(4246): warning C4018: '<=' : signed/unsigned mismatch
Design.cpp(4246): warning C4018: '>=' : signed/unsigned mismatch
Design.cpp(4246): warning C4018: '<=' : signed/unsigned mismatch
Design.cpp(4336): warning C4018: '>=' : signed/unsigned mismatch
Design.cpp(4336): warning C4018: '<=' : signed/unsigned mismatch
Design.cpp(4336): warning C4018: '>=' : signed/unsigned mismatch
Design.cpp(4336): warning C4018: '<=' : signed/unsigned mismatch
Design.cpp(4426): warning C4018: '>=' : signed/unsigned mismatch
Design.cpp(4426): warning C4018: '<=' : signed/unsigned mismatch
Design.cpp(4426): warning C4018: '>=' : signed/unsigned mismatch
Design.cpp(4426): warning C4018: '<=' : signed/unsigned mismatch
Design.cpp(4523): warning C4018: '>=' : signed/unsigned mismatch
Design.cpp(4523): warning C4018: '<=' : signed/unsigned mismatch
Design.cpp(4523): warning C4018: '>=' : signed/unsigned mismatch
Design.cpp(4523): warning C4018: '<=' : signed/unsigned mismatch
Design.cpp(4633): warning C4018: '>=' : signed/unsigned mismatch
Design.cpp(4633): warning C4018: '<=' : signed/unsigned mismatch
Design.cpp(4633): warning C4018: '>=' : signed/unsigned mismatch
Design.cpp(4633): warning C4018: '<=' : signed/unsigned mismatch
Design.cpp(4729): warning C4244: 'argument' : conversion from 'INT64' to 'DWORD', possible loss of data
Design.cpp(4729): warning C4244: 'argument' : conversion from 'INT64' to 'DWORD', possible loss of data
Design.cpp(4755): warning C4244: 'argument' : conversion from 'INT64' to 'DOUBLE', possible loss of data
Design.cpp(4761): warning C4244: 'argument' : conversion from 'INT64' to 'DOUBLE', possible loss of data
Design.cpp(5891): warning C4244: 'argument' : conversion from 'INT64' to 'DOUBLE', possible loss of data
Design.cpp(5906): warning C4244: 'argument' : conversion from 'INT64' to 'DOUBLE', possible loss of data
Design.cpp(5921): warning C4244: 'argument' : conversion from 'INT64' to 'DOUBLE', possible loss of data
Design.cpp(5936): warning C4244: 'argument' : conversion from 'INT64' to 'DOUBLE', possible loss of data
Design.cpp(5951): warning C4244: 'argument' : conversion from 'INT64' to 'DOUBLE', possible loss of data
Design.cpp(5966): warning C4244: 'argument' : conversion from 'INT64' to 'DOUBLE', possible loss of data
Design.cpp(5981): warning C4244: 'argument' : conversion from 'INT64' to 'DOUBLE', possible loss of data
Design.cpp(5996): warning C4244: 'argument' : conversion from 'INT64' to 'DOUBLE', possible loss of data
Design.cpp(6011): warning C4244: 'argument' : conversion from 'INT64' to 'DOUBLE', possible loss of data
Design.cpp(6026): warning C4244: 'argument' : conversion from 'INT64' to 'DOUBLE', possible loss of data
Design.cpp(6041): warning C4244: 'argument' : conversion from 'INT64' to 'DOUBLE', possible loss of data
Design.cpp(6056): warning C4244: 'argument' : conversion from 'INT64' to 'DOUBLE', possible loss of data
Design.cpp(6071): warning C4244: 'argument' : conversion from 'INT64' to 'DOUBLE', possible loss of data
Design.cpp(6086): warning C4244: 'argument' : conversion from 'INT64' to 'DOUBLE', possible loss of data
Design.cpp(6101): warning C4244: 'argument' : conversion from 'INT64' to 'DOUBLE', possible loss of data
Design.cpp(6116): warning C4244: 'argument' : conversion from 'INT64' to 'DOUBLE', possible loss of data
Design.cpp(6131): warning C4244: 'argument' : conversion from 'INT64' to 'DOUBLE', possible loss of data
Design.cpp(6146): warning C4244: 'argument' : conversion from 'INT64' to 'DOUBLE', possible loss of data
Design.cpp(6161): warning C4244: 'argument' : conversion from 'INT64' to 'DOUBLE', possible loss of data
Design.cpp(6176): warning C4244: 'argument' : conversion from 'INT64' to 'DOUBLE', possible loss of data
Design.cpp(6191): warning C4244: 'argument' : conversion from 'INT64' to 'DOUBLE', possible loss of data
Design.cpp(6206): warning C4244: 'argument' : conversion from 'INT64' to 'DOUBLE', possible loss of data
Design.cpp(6221): warning C4244: 'argument' : conversion from 'INT64' to 'DOUBLE', possible loss of data
Design.cpp(6236): warning C4244: 'argument' : conversion from 'INT64' to 'DOUBLE', possible loss of data
Design.cpp(6251): warning C4244: 'argument' : conversion from 'INT64' to 'DOUBLE', possible loss of data
  Dupe.cpp
  Enchant.cpp
  Escape.cpp
  Game Filter.cpp
  Godmode.cpp
  HF2 CDKey.cpp
  HF2 Data.cpp
HF2 Data.cpp(465): warning C4101: 'Returned' : unreferenced local variable
  HF2 Draw.cpp
HF2 Draw.cpp(113): warning C4018: '>=' : signed/unsigned mismatch
HF2 Draw.cpp(113): warning C4018: '<=' : signed/unsigned mismatch
HF2 Draw.cpp(113): warning C4018: '>=' : signed/unsigned mismatch
HF2 Draw.cpp(113): warning C4018: '<=' : signed/unsigned mismatch
HF2 Draw.cpp(147): warning C4018: '>=' : signed/unsigned mismatch
HF2 Draw.cpp(147): warning C4018: '<=' : signed/unsigned mismatch
HF2 Draw.cpp(147): warning C4018: '>=' : signed/unsigned mismatch
HF2 Draw.cpp(147): warning C4018: '<=' : signed/unsigned mismatch
HF2 Draw.cpp(929): warning C4018: '>=' : signed/unsigned mismatch
HF2 Draw.cpp(929): warning C4018: '<=' : signed/unsigned mismatch
HF2 Draw.cpp(929): warning C4018: '>=' : signed/unsigned mismatch
HF2 Draw.cpp(929): warning C4018: '<=' : signed/unsigned mismatch
HF2 Draw.cpp(963): warning C4018: '<' : signed/unsigned mismatch
HF2 Draw.cpp(969): warning C4018: '>=' : signed/unsigned mismatch
HF2 Draw.cpp(969): warning C4018: '<=' : signed/unsigned mismatch
HF2 Draw.cpp(969): warning C4018: '>=' : signed/unsigned mismatch
HF2 Draw.cpp(969): warning C4018: '<=' : signed/unsigned mismatch
  HF2 ExtLevels.cpp
HF2 ExtLevels.cpp(5): warning C4244: 'return' : conversion from 'DWORD' to 'BYTE', possible loss of data
HF2 ExtLevels.cpp(10): warning C4244: 'return' : conversion from 'DWORD' to 'BYTE', possible loss of data
  HF2 Handlers.cpp
  HF2 Helpers.cpp
  Generating Code...
  Compiling...
  HF2 Info.cpp
  HF2 KeyItems.cpp
  HF2 Ladder.cpp
  HF2 Quest.cpp
  HF2 Xinput.cpp
  Hack.cpp
  Handlers.cpp
Handlers.cpp(507): warning C4018: '>=' : signed/unsigned mismatch
Handlers.cpp(507): warning C4018: '<=' : signed/unsigned mismatch
Handlers.cpp(507): warning C4018: '>=' : signed/unsigned mismatch
Handlers.cpp(507): warning C4018: '<=' : signed/unsigned mismatch
  Helpers.cpp
Helpers.cpp(209): warning C4244: 'return' : conversion from 'INT64' to 'DWORD', possible loss of data
Helpers.cpp(1418): warning C4172: returning address of local variable or temporary
  Item.cpp
  Message.cpp
Message.cpp(1397): warning C4244: 'argument' : conversion from 'INT64' to 'DOUBLE', possible loss of data
Message.cpp(1501): warning C4101: 'e' : unreferenced local variable
Message.cpp(1743): warning C4101: 'e' : unreferenced local variable
Message.cpp(1766): warning C4101: 'e' : unreferenced local variable
  Miscellaneous.cpp
  Offset.cpp
  Packet Received.cpp
  Packet Sent.cpp
  Patch Stubs.cpp
  Potion.cpp
  Reveal.cpp
  Skill.cpp
  Speed.cpp
  Teleport.cpp
  Generating Code...
  Compiling...
  Threads.cpp
Threads.cpp(2246): warning C4018: '<' : signed/unsigned mismatch
  Travel.cpp
  Unit.cpp
  Vectors.cpp
  Winamp.cpp
  Generating Code...
  Project.vcxproj -> C:\Users\addia\Documents\Visual Studio 2022\Projects\Sapphire D2Non Core 2020 UE\Project Sapphire\Release\HF2Client.dll
